<?xml version="1.0" encoding="UTF-8"?>
<!-- Generated by org.testng.reporters.JUnitXMLReporter -->
<testsuite ignored="0" hostname="DESKTOP-3OME5PL" failures="0" tests="2" name="Test" time="59.101" errors="0" timestamp="2024-04-19T13:04:58 IST">
  <testcase classname="com.PMPeople.TestClass9_PortfolioManager.T1_AddingProjectWithCode" name="addingProjectWithCode" time="30.468"/>
  <testcase classname="com.PMPeople.TestClass8_ProgramManager.T1_AddingProjectwithCode" name="addingProjectwithCode" time="28.561"/>
</testsuite> <!-- Test -->
