<?xml version="1.0" encoding="UTF-8"?>
<testng-results ignored="0" total="2" passed="2" failed="0" skipped="0">
  <reporter-output>
  </reporter-output>
  <suite started-at="2024-04-19T13:03:59 IST" name="Suite" finished-at="2024-04-19T13:04:58 IST" duration-ms="59101">
    <groups>
    </groups>
    <test started-at="2024-04-19T13:03:59 IST" name="Test" finished-at="2024-04-19T13:04:58 IST" duration-ms="59101">
      <class name="com.PMPeople.TestClass9_PortfolioManager.T1_AddingProjectWithCode">
        <test-method signature="addingProjectWithCode()[pri:0, instance:com.PMPeople.TestClass9_PortfolioManager.T1_AddingProjectWithCode@a1153bc]" started-at="2024-04-19T13:03:59 IST" name="addingProjectWithCode" finished-at="2024-04-19T13:04:30 IST" duration-ms="30468" status="PASS">
          <reporter-output>
          </reporter-output>
        </test-method> <!-- addingProjectWithCode -->
      </class> <!-- com.PMPeople.TestClass9_PortfolioManager.T1_AddingProjectWithCode -->
      <class name="com.PMPeople.TestClass8_ProgramManager.T1_AddingProjectwithCode">
        <test-method signature="addingProjectwithCode()[pri:0, instance:com.PMPeople.TestClass8_ProgramManager.T1_AddingProjectwithCode@77888435]" started-at="2024-04-19T13:04:30 IST" name="addingProjectwithCode" finished-at="2024-04-19T13:04:58 IST" duration-ms="28561" status="PASS">
          <reporter-output>
          </reporter-output>
        </test-method> <!-- addingProjectwithCode -->
      </class> <!-- com.PMPeople.TestClass8_ProgramManager.T1_AddingProjectwithCode -->
    </test> <!-- Test -->
  </suite> <!-- Suite -->
</testng-results>
